<?xml version="1.0" encoding="UTF-8"?>
<testsuite name="com.bootcamp.reactivesamples.ReactiveSamplesApplicationTests" tests="1" skipped="0" failures="0" errors="0" timestamp="2021-02-26T23:41:09" hostname="Alfredos-MacBook-Pro.local" time="0.681">
  <properties/>
  <testcase name="contextLoads()" classname="com.bootcamp.reactivesamples.ReactiveSamplesApplicationTests" time="0.681"/>
  <system-out><![CDATA[18:41:08.141 [Test worker] DEBUG org.springframework.test.context.BootstrapUtils - Instantiating CacheAwareContextLoaderDelegate from class [org.springframework.test.context.cache.DefaultCacheAwareContextLoaderDelegate]
18:41:08.155 [Test worker] DEBUG org.springframework.test.context.BootstrapUtils - Instantiating BootstrapContext using constructor [public org.springframework.test.context.support.DefaultBootstrapContext(java.lang.Class,org.springframework.test.context.CacheAwareContextLoaderDelegate)]
18:41:08.193 [Test worker] DEBUG org.springframework.test.context.BootstrapUtils - Instantiating TestContextBootstrapper for test class [com.bootcamp.reactivesamples.ReactiveSamplesApplicationTests] from class [org.springframework.boot.test.context.SpringBootTestContextBootstrapper]
18:41:08.205 [Test worker] INFO org.springframework.boot.test.context.SpringBootTestContextBootstrapper - Neither @ContextConfiguration nor @ContextHierarchy found for test class [com.bootcamp.reactivesamples.ReactiveSamplesApplicationTests], using SpringBootContextLoader
18:41:08.209 [Test worker] DEBUG org.springframework.test.context.support.AbstractContextLoader - Did not detect default resource location for test class [com.bootcamp.reactivesamples.ReactiveSamplesApplicationTests]: class path resource [com/bootcamp/reactivesamples/ReactiveSamplesApplicationTests-context.xml] does not exist
18:41:08.209 [Test worker] DEBUG org.springframework.test.context.support.AbstractContextLoader - Did not detect default resource location for test class [com.bootcamp.reactivesamples.ReactiveSamplesApplicationTests]: class path resource [com/bootcamp/reactivesamples/ReactiveSamplesApplicationTestsContext.groovy] does not exist
18:41:08.210 [Test worker] INFO org.springframework.test.context.support.AbstractContextLoader - Could not detect default resource locations for test class [com.bootcamp.reactivesamples.ReactiveSamplesApplicationTests]: no resource found for suffixes {-context.xml, Context.groovy}.
18:41:08.211 [Test worker] INFO org.springframework.test.context.support.AnnotationConfigContextLoaderUtils - Could not detect default configuration classes for test class [com.bootcamp.reactivesamples.ReactiveSamplesApplicationTests]: ReactiveSamplesApplicationTests does not declare any static, non-private, non-final, nested classes annotated with @Configuration.
18:41:08.256 [Test worker] DEBUG org.springframework.test.context.support.ActiveProfilesUtils - Could not find an 'annotation declaring class' for annotation type [org.springframework.test.context.ActiveProfiles] and class [com.bootcamp.reactivesamples.ReactiveSamplesApplicationTests]
18:41:08.312 [Test worker] DEBUG org.springframework.context.annotation.ClassPathScanningCandidateComponentProvider - Identified candidate component class: file [/Users/alfredobenaute/bootcamp/reactivesamples/build/classes/java/main/com/bootcamp/reactivesamples/ReactiveSamplesApplication.class]
18:41:08.313 [Test worker] INFO org.springframework.boot.test.context.SpringBootTestContextBootstrapper - Found @SpringBootConfiguration com.bootcamp.reactivesamples.ReactiveSamplesApplication for test class com.bootcamp.reactivesamples.ReactiveSamplesApplicationTests
18:41:08.405 [Test worker] DEBUG org.springframework.boot.test.context.SpringBootTestContextBootstrapper - @TestExecutionListeners is not present for class [com.bootcamp.reactivesamples.ReactiveSamplesApplicationTests]: using defaults.
18:41:08.405 [Test worker] INFO org.springframework.boot.test.context.SpringBootTestContextBootstrapper - Loaded default TestExecutionListener class names from location [META-INF/spring.factories]: [org.springframework.boot.test.autoconfigure.restdocs.RestDocsTestExecutionListener, org.springframework.boot.test.autoconfigure.web.client.MockRestServiceServerResetTestExecutionListener, org.springframework.boot.test.autoconfigure.web.servlet.MockMvcPrintOnlyOnFailureTestExecutionListener, org.springframework.boot.test.autoconfigure.web.servlet.WebDriverTestExecutionListener, org.springframework.boot.test.autoconfigure.webservices.client.MockWebServiceServerTestExecutionListener, org.springframework.boot.test.mock.mockito.MockitoTestExecutionListener, org.springframework.boot.test.mock.mockito.ResetMocksTestExecutionListener, org.springframework.test.context.web.ServletTestExecutionListener, org.springframework.test.context.support.DirtiesContextBeforeModesTestExecutionListener, org.springframework.test.context.event.ApplicationEventsTestExecutionListener, org.springframework.test.context.support.DependencyInjectionTestExecutionListener, org.springframework.test.context.support.DirtiesContextTestExecutionListener, org.springframework.test.context.transaction.TransactionalTestExecutionListener, org.springframework.test.context.jdbc.SqlScriptsTestExecutionListener, org.springframework.test.context.event.EventPublishingTestExecutionListener]
18:41:08.413 [Test worker] DEBUG org.springframework.boot.test.context.SpringBootTestContextBootstrapper - Skipping candidate TestExecutionListener [org.springframework.test.context.web.ServletTestExecutionListener] due to a missing dependency. Specify custom listener classes or make the default listener classes and their required dependencies available. Offending class: [javax/servlet/ServletContext]
18:41:08.415 [Test worker] DEBUG org.springframework.boot.test.context.SpringBootTestContextBootstrapper - Skipping candidate TestExecutionListener [org.springframework.test.context.transaction.TransactionalTestExecutionListener] due to a missing dependency. Specify custom listener classes or make the default listener classes and their required dependencies available. Offending class: [org/springframework/transaction/interceptor/TransactionAttributeSource]
18:41:08.416 [Test worker] DEBUG org.springframework.boot.test.context.SpringBootTestContextBootstrapper - Skipping candidate TestExecutionListener [org.springframework.test.context.jdbc.SqlScriptsTestExecutionListener] due to a missing dependency. Specify custom listener classes or make the default listener classes and their required dependencies available. Offending class: [org/springframework/transaction/interceptor/TransactionAttribute]
18:41:08.417 [Test worker] INFO org.springframework.boot.test.context.SpringBootTestContextBootstrapper - Using TestExecutionListeners: [org.springframework.test.context.support.DirtiesContextBeforeModesTestExecutionListener@16ce12ac, org.springframework.test.context.event.ApplicationEventsTestExecutionListener@42773140, org.springframework.boot.test.mock.mockito.MockitoTestExecutionListener@7340670d, org.springframework.boot.test.autoconfigure.SpringBootDependencyInjectionTestExecutionListener@39273fd3, org.springframework.test.context.support.DirtiesContextTestExecutionListener@5f9a0129, org.springframework.test.context.event.EventPublishingTestExecutionListener@249cc6ab, org.springframework.boot.test.autoconfigure.restdocs.RestDocsTestExecutionListener@5494a53a, org.springframework.boot.test.autoconfigure.web.client.MockRestServiceServerResetTestExecutionListener@54cdc1dc, org.springframework.boot.test.autoconfigure.web.servlet.MockMvcPrintOnlyOnFailureTestExecutionListener@5bd11125, org.springframework.boot.test.autoconfigure.web.servlet.WebDriverTestExecutionListener@193a3d6a, org.springframework.boot.test.autoconfigure.webservices.client.MockWebServiceServerTestExecutionListener@68f6e602, org.springframework.boot.test.mock.mockito.ResetMocksTestExecutionListener@520f19e1]
18:41:08.420 [Test worker] DEBUG org.springframework.test.context.support.AbstractDirtiesContextTestExecutionListener - Before test class: context [DefaultTestContext@3eb8402 testClass = ReactiveSamplesApplicationTests, testInstance = [null], testMethod = [null], testException = [null], mergedContextConfiguration = [MergedContextConfiguration@3b530ddf testClass = ReactiveSamplesApplicationTests, locations = '{}', classes = '{class com.bootcamp.reactivesamples.ReactiveSamplesApplication}', contextInitializerClasses = '[]', activeProfiles = '{}', propertySourceLocations = '{}', propertySourceProperties = '{org.springframework.boot.test.context.SpringBootTestContextBootstrapper=true}', contextCustomizers = set[org.springframework.boot.test.autoconfigure.actuate.metrics.MetricsExportContextCustomizerFactory$DisableMetricExportContextCustomizer@1c1276d1, org.springframework.boot.test.autoconfigure.properties.PropertyMappingContextCustomizer@0, org.springframework.boot.test.autoconfigure.web.servlet.WebDriverContextCustomizerFactory$Customizer@40e84173, org.springframework.boot.test.context.filter.ExcludeFilterContextCustomizer@2cc08846, org.springframework.boot.test.json.DuplicateJsonObjectContextCustomizerFactory$DuplicateJsonObjectContextCustomizer@24d5565b, org.springframework.boot.test.mock.mockito.MockitoContextCustomizer@0, org.springframework.boot.test.web.client.TestRestTemplateContextCustomizer@5ba738da, org.springframework.boot.test.context.SpringBootTestArgs@1, org.springframework.boot.test.context.SpringBootTestWebEnvironment@4642a04d], contextLoader = 'org.springframework.boot.test.context.SpringBootContextLoader', parent = [null]], attributes = map[[empty]]], class annotated with @DirtiesContext [false] with mode [null].
18:41:08.435 [Test worker] DEBUG org.springframework.test.context.support.DependencyInjectionTestExecutionListener - Performing dependency injection for test context [[DefaultTestContext@3eb8402 testClass = ReactiveSamplesApplicationTests, testInstance = com.bootcamp.reactivesamples.ReactiveSamplesApplicationTests@72059cce, testMethod = [null], testException = [null], mergedContextConfiguration = [MergedContextConfiguration@3b530ddf testClass = ReactiveSamplesApplicationTests, locations = '{}', classes = '{class com.bootcamp.reactivesamples.ReactiveSamplesApplication}', contextInitializerClasses = '[]', activeProfiles = '{}', propertySourceLocations = '{}', propertySourceProperties = '{org.springframework.boot.test.context.SpringBootTestContextBootstrapper=true}', contextCustomizers = set[org.springframework.boot.test.autoconfigure.actuate.metrics.MetricsExportContextCustomizerFactory$DisableMetricExportContextCustomizer@1c1276d1, org.springframework.boot.test.autoconfigure.properties.PropertyMappingContextCustomizer@0, org.springframework.boot.test.autoconfigure.web.servlet.WebDriverContextCustomizerFactory$Customizer@40e84173, org.springframework.boot.test.context.filter.ExcludeFilterContextCustomizer@2cc08846, org.springframework.boot.test.json.DuplicateJsonObjectContextCustomizerFactory$DuplicateJsonObjectContextCustomizer@24d5565b, org.springframework.boot.test.mock.mockito.MockitoContextCustomizer@0, org.springframework.boot.test.web.client.TestRestTemplateContextCustomizer@5ba738da, org.springframework.boot.test.context.SpringBootTestArgs@1, org.springframework.boot.test.context.SpringBootTestWebEnvironment@4642a04d], contextLoader = 'org.springframework.boot.test.context.SpringBootContextLoader', parent = [null]], attributes = map['org.springframework.test.context.event.ApplicationEventsTestExecutionListener.recordApplicationEvents' -> false]]].
18:41:08.461 [Test worker] DEBUG org.springframework.test.context.support.TestPropertySourceUtils - Adding inlined properties to environment: {spring.jmx.enabled=false, org.springframework.boot.test.context.SpringBootTestContextBootstrapper=true}

  .   ____          _            __ _ _
 /\\ / ___'_ __ _ _(_)_ __  __ _ \ \ \ \
( ( )\___ | '_ | '_| | '_ \/ _` | \ \ \ \
 \\/  ___)| |_)| | | | | || (_| |  ) ) ) )
  '  |____| .__|_| |_|_| |_\__, | / / / /
 =========|_|==============|___/=/_/_/_/
 :: Spring Boot ::                (v2.4.3)

2021-02-26 18:41:08.750  INFO 4262 --- [    Test worker] c.b.r.ReactiveSamplesApplicationTests    : Starting ReactiveSamplesApplicationTests using Java 13.0.1 on Alfredos-MacBook-Pro.local with PID 4262 (started by alfredobenaute in /Users/alfredobenaute/bootcamp/reactivesamples)
2021-02-26 18:41:08.754  INFO 4262 --- [    Test worker] c.b.r.ReactiveSamplesApplicationTests    : No active profile set, falling back to default profiles: default
2021-02-26 18:41:09.342  INFO 4262 --- [    Test worker] c.b.r.ReactiveSamplesApplicationTests    : Started ReactiveSamplesApplicationTests in 0.877 seconds (JVM running for 2.034)
]]></system-out>
  <system-err><![CDATA[]]></system-err>
</testsuite>
